{
  "stats": {
    "suites": 1,
    "tests": 1,
    "passes": 0,
    "pending": 0,
    "failures": 1,
    "start": "2024-01-11T04:19:28.169Z",
    "end": "2024-01-11T04:19:45.304Z",
    "duration": 17135,
    "testsRegistered": 1,
    "passPercent": 0,
    "pendingPercent": 0,
    "other": 0,
    "hasOther": false,
    "skipped": 0,
    "hasSkipped": false
  },
  "results": [
    {
      "uuid": "048c4e50-6370-4b2c-9bc8-fb587a6bef79",
      "title": "",
      "fullFile": "E:\\Forth-year\\Booking\\Booking_JS\\booking\\src\\test\\EditTicket.test.js",
      "file": "\\src\\test\\EditTicket.test.js",
      "beforeHooks": [],
      "afterHooks": [],
      "tests": [],
      "suites": [
        {
          "uuid": "6eea6250-578c-4f40-a532-41cbfec9f0bf",
          "title": "Edit Ticket test",
          "fullFile": "E:\\Forth-year\\Booking\\Booking_JS\\booking\\src\\test\\EditTicket.test.js",
          "file": "\\src\\test\\EditTicket.test.js",
          "beforeHooks": [
            {
              "title": "\"before all\" hook in \"Edit Ticket test\"",
              "fullTitle": "Edit Ticket test \"before all\" hook in \"Edit Ticket test\"",
              "timedOut": false,
              "duration": 1101,
              "state": null,
              "speed": null,
              "pass": false,
              "fail": false,
              "pending": false,
              "context": null,
              "code": "driver = await new Builder().forBrowser('chrome').build();",
              "err": {},
              "uuid": "f0f73a14-d899-417e-9d01-7e7557df3ca1",
              "parentUUID": "6eea6250-578c-4f40-a532-41cbfec9f0bf",
              "isHook": true,
              "skipped": false
            }
          ],
          "afterHooks": [
            {
              "title": "\"after all\" hook in \"Edit Ticket test\"",
              "fullTitle": "Edit Ticket test \"after all\" hook in \"Edit Ticket test\"",
              "timedOut": false,
              "duration": 64,
              "state": null,
              "speed": null,
              "pass": false,
              "fail": false,
              "pending": false,
              "context": null,
              "code": "await driver.quit();",
              "err": {},
              "uuid": "4ff3e0e8-4065-455f-bd29-54f220afb26e",
              "parentUUID": "6eea6250-578c-4f40-a532-41cbfec9f0bf",
              "isHook": true,
              "skipped": false
            }
          ],
          "tests": [
            {
              "title": "Vé không thỏa điều kiện sửa vé",
              "fullTitle": "Edit Ticket test Vé không thỏa điều kiện sửa vé",
              "timedOut": false,
              "duration": 15964,
              "state": "failed",
              "speed": null,
              "pass": false,
              "fail": true,
              "pending": false,
              "context": null,
              "code": "await BookingNotMeetRequire('LI7RJC')",
              "err": {
                "message": "TimeoutError: Waiting for element to be located By(xpath, //li[contains(text(), 'Sửa vé')])\nWait timed out after 5149ms",
                "estack": "TimeoutError: Waiting for element to be located By(xpath, //li[contains(text(), 'Sửa vé')])\nWait timed out after 5149ms\n    at E:\\Forth-year\\Booking\\Booking_JS\\booking\\node_modules\\selenium-webdriver\\lib\\webdriver.js:929:17\n    at process.processTicksAndRejections (node:internal/process/task_queues:95:5)",
                "diff": null
              },
              "uuid": "96c0c0cc-9017-42be-9ce2-2cb73e68429c",
              "parentUUID": "6eea6250-578c-4f40-a532-41cbfec9f0bf",
              "isHook": false,
              "skipped": false
            }
          ],
          "suites": [],
          "passes": [],
          "failures": [
            "96c0c0cc-9017-42be-9ce2-2cb73e68429c"
          ],
          "pending": [],
          "skipped": [],
          "duration": 15964,
          "root": false,
          "rootEmpty": false,
          "_timeout": 30000
        }
      ],
      "passes": [],
      "failures": [],
      "pending": [],
      "skipped": [],
      "duration": 0,
      "root": true,
      "rootEmpty": true,
      "_timeout": 2000
    }
  ],
  "meta": {
    "mocha": {
      "version": "10.2.0"
    },
    "mochawesome": {
      "options": {
        "quiet": false,
        "reportFilename": "mochawesome",
        "saveHtml": true,
        "saveJson": true,
        "consoleReporter": "spec",
        "useInlineDiffs": false,
        "code": true
      },
      "version": "7.1.3"
    },
    "marge": {
      "options": null,
      "version": "6.2.0"
    }
  }
}